<?xml version="1.0" encoding="UTF-8"?>
<!-- Generated by org.testng.reporters.JUnitXMLReporter -->
<testsuite hostname="DESKTOP-V25QCVV" ignored="0" name="Test" tests="10" failures="2" timestamp="02 Jul 2020 19:57:49 GMT" time="147.837" errors="0">
  <testcase name="ReadData" time="0.728" classname="com.skillassure.happytrip.tests.Testcase1"/>
  <testcase name="ReadData" time="3.554" classname="com.skillassure.happytrip.tests.Testcase2"/>
  <testcase name="ReadData" time="1.136" classname="com.skillassure.happytrip.tests.Testcase3"/>
  <testcase name="ReadData" time="1.212" classname="com.skillassure.happytrip.tests.Testcase4"/>
  <testcase name="ReadData" time="1.365" classname="com.skillassure.happytrip.tests.Testcase5"/>
  <testcase name="ReadData" time="1.89" classname="com.skillassure.happytrip.tests.Testcase6"/>
  <testcase name="ReadData" time="1.151" classname="com.skillassure.happytrip.tests.Testcase7"/>
  <testcase name="ReadData" time="1.302" classname="com.skillassure.happytrip.tests.Testcase8"/>
  <testcase name="ReadData" time="31.114" classname="com.skillassure.happytrip.tests.Testcase9">
    <failure type="org.openqa.selenium.NoSuchElementException" message="no such element: Unable to locate element: {&amp;quot;method&amp;quot;:&amp;quot;xpath&amp;quot;,&amp;quot;selector&amp;quot;:&amp;quot;//*[@id=&amp;apos;MainTabs&amp;apos;]/li[5]/a&amp;quot;}
  (Session info: chrome=83.0.4103.116)
For documentation on this error, please visit: https://www.seleniumhq.org/exceptions/no_such_element.html
Build info: version: &amp;apos;3.141.59&amp;apos;, revision: &amp;apos;e82be7d358&amp;apos;, time: &amp;apos;2018-11-14T08:17:03&amp;apos;
System info: host: &amp;apos;DESKTOP-V25QCVV&amp;apos;, ip: &amp;apos;192.168.56.1&amp;apos;, os.name: &amp;apos;Windows 10&amp;apos;, os.arch: &amp;apos;amd64&amp;apos;, os.version: &amp;apos;10.0&amp;apos;, java.version: &amp;apos;1.8.0_161&amp;apos;
Driver info: org.openqa.selenium.chrome.ChromeDriver
Capabilities {acceptInsecureCerts: false, browserName: chrome, browserVersion: 83.0.4103.116, chrome: {chromedriverVersion: 83.0.4103.39 (ccbf011cb2d2b..., userDataDir: C:\Users\RAKSHA\AppData\Loc...}, goog:chromeOptions: {debuggerAddress: localhost:60995}, javascriptEnabled: true, networkConnectionEnabled: false, pageLoadStrategy: normal, platform: WINDOWS, platformName: WINDOWS, proxy: Proxy(), setWindowRect: true, strictFileInteractability: false, timeouts: {implicit: 0, pageLoad: 300000, script: 30000}, unhandledPromptBehavior: dismiss and notify, webauthn:virtualAuthenticators: true}
Session ID: fb5d8ecd5a24f136f91e375fe09000ff
*** Element info: {Using=xpath, value=//*[@id=&amp;apos;MainTabs&amp;apos;]/li[5]/a}">
      <![CDATA[org.openqa.selenium.NoSuchElementException: no such element: Unable to locate element: {"method":"xpath","selector":"//*[@id='MainTabs']/li[5]/a"}
  (Session info: chrome=83.0.4103.116)
For documentation on this error, please visit: https://www.seleniumhq.org/exceptions/no_such_element.html
Build info: version: '3.141.59', revision: 'e82be7d358', time: '2018-11-14T08:17:03'
System info: host: 'DESKTOP-V25QCVV', ip: '192.168.56.1', os.name: 'Windows 10', os.arch: 'amd64', os.version: '10.0', java.version: '1.8.0_161'
Driver info: org.openqa.selenium.chrome.ChromeDriver
Capabilities {acceptInsecureCerts: false, browserName: chrome, browserVersion: 83.0.4103.116, chrome: {chromedriverVersion: 83.0.4103.39 (ccbf011cb2d2b..., userDataDir: C:\Users\RAKSHA\AppData\Loc...}, goog:chromeOptions: {debuggerAddress: localhost:60995}, javascriptEnabled: true, networkConnectionEnabled: false, pageLoadStrategy: normal, platform: WINDOWS, platformName: WINDOWS, proxy: Proxy(), setWindowRect: true, strictFileInteractability: false, timeouts: {implicit: 0, pageLoad: 300000, script: 30000}, unhandledPromptBehavior: dismiss and notify, webauthn:virtualAuthenticators: true}
Session ID: fb5d8ecd5a24f136f91e375fe09000ff
*** Element info: {Using=xpath, value=//*[@id='MainTabs']/li[5]/a}
at org.openqa.selenium.remote.http.W3CHttpResponseCodec.createException(W3CHttpResponseCodec.java:187)
at org.openqa.selenium.remote.http.W3CHttpResponseCodec.decode(W3CHttpResponseCodec.java:122)
at org.openqa.selenium.remote.http.W3CHttpResponseCodec.decode(W3CHttpResponseCodec.java:49)
at org.openqa.selenium.remote.HttpCommandExecutor.execute(HttpCommandExecutor.java:158)
at org.openqa.selenium.remote.service.DriverCommandExecutor.execute(DriverCommandExecutor.java:83)
at org.openqa.selenium.remote.RemoteWebDriver.execute(RemoteWebDriver.java:552)
at org.openqa.selenium.remote.RemoteWebDriver.findElement(RemoteWebDriver.java:323)
at org.openqa.selenium.remote.RemoteWebDriver.findElementByXPath(RemoteWebDriver.java:428)
at org.openqa.selenium.By$ByXPath.findElement(By.java:353)
at org.openqa.selenium.remote.RemoteWebDriver.findElement(RemoteWebDriver.java:315)
at com.skillassure.happytrip.tests.Testcase9.ReadData(Testcase9.java:71)
... Removed 29 stack frames]]>
    </failure>
  </testcase> <!-- ReadData -->
  <testcase name="ReadData" time="0.304" classname="com.skillassure.happytrip.tests.Testcase_10">
    <failure type="java.lang.IllegalStateException" message="Cannot get a text value from a numeric cell">
      <![CDATA[java.lang.IllegalStateException: Cannot get a text value from a numeric cell
at org.apache.poi.xssf.usermodel.XSSFCell.typeMismatch(XSSFCell.java:888)
at org.apache.poi.xssf.usermodel.XSSFCell.getRichStringCellValue(XSSFCell.java:310)
at org.apache.poi.xssf.usermodel.XSSFCell.getStringCellValue(XSSFCell.java:261)
at com.skillassure.happytrip.tests.Testcase_10.ReadData(Testcase_10.java:56)
... Removed 25 stack frames]]>
    </failure>
  </testcase> <!-- ReadData -->
</testsuite> <!-- Test -->
